PID 35807 received SIGSEGV for address: 0x1000001b7
/media/mr_pacific/Disk-D/Internship/docker/bookstore-webapp/node_modules/segfault-handler/build/Release/segfault-handler.node(+0x37a5)[0x7fd3ef45e7a5]
/lib/x86_64-linux-gnu/libpthread.so.0(+0x14420)[0x7fd3ef0f3420]
/lib/x86_64-linux-gnu/libssl.so.1.1(SSL_get_peer_certificate+0x17)[0x7fd3ec3576f7]
/media/mr_pacific/Disk-D/Internship/docker/bookstore-webapp/node_modules/.prisma/client/libquery_engine-debian-openssl-1.1.x.so.node(+0x562648)[0x7fd3d5503648]
/media/mr_pacific/Disk-D/Internship/docker/bookstore-webapp/node_modules/.prisma/client/libquery_engine-debian-openssl-1.1.x.so.node(+0x5a60dd)[0x7fd3d55470dd]
/media/mr_pacific/Disk-D/Internship/docker/bookstore-webapp/node_modules/.prisma/client/libquery_engine-debian-openssl-1.1.x.so.node(+0x5a2b18)[0x7fd3d5543b18]
/media/mr_pacific/Disk-D/Internship/docker/bookstore-webapp/node_modules/.prisma/client/libquery_engine-debian-openssl-1.1.x.so.node(+0x63f295)[0x7fd3d55e0295]
/media/mr_pacific/Disk-D/Internship/docker/bookstore-webapp/node_modules/.prisma/client/libquery_engine-debian-openssl-1.1.x.so.node(+0x842935)[0x7fd3d57e3935]
/media/mr_pacific/Disk-D/Internship/docker/bookstore-webapp/node_modules/.prisma/client/libquery_engine-debian-openssl-1.1.x.so.node(+0x83e609)[0x7fd3d57df609]
/media/mr_pacific/Disk-D/Internship/docker/bookstore-webapp/node_modules/.prisma/client/libquery_engine-debian-openssl-1.1.x.so.node(+0x83e4cf)[0x7fd3d57df4cf]
/media/mr_pacific/Disk-D/Internship/docker/bookstore-webapp/node_modules/.prisma/client/libquery_engine-debian-openssl-1.1.x.so.node(+0x875b84)[0x7fd3d5816b84]
/media/mr_pacific/Disk-D/Internship/docker/bookstore-webapp/node_modules/.prisma/client/libquery_engine-debian-openssl-1.1.x.so.node(+0x8b1f2c)[0x7fd3d5852f2c]
/media/mr_pacific/Disk-D/Internship/docker/bookstore-webapp/node_modules/.prisma/client/libquery_engine-debian-openssl-1.1.x.so.node(+0x875e60)[0x7fd3d5816e60]
/media/mr_pacific/Disk-D/Internship/docker/bookstore-webapp/node_modules/.prisma/client/libquery_engine-debian-openssl-1.1.x.so.node(+0x8b35e3)[0x7fd3d58545e3]
/media/mr_pacific/Disk-D/Internship/docker/bookstore-webapp/node_modules/.prisma/client/libquery_engine-debian-openssl-1.1.x.so.node(+0x12ba40)[0x7fd3d50cca40]
/media/mr_pacific/Disk-D/Internship/docker/bookstore-webapp/node_modules/.prisma/client/libquery_engine-debian-openssl-1.1.x.so.node(+0xfa63c)[0x7fd3d509b63c]
/media/mr_pacific/Disk-D/Internship/docker/bookstore-webapp/node_modules/.prisma/client/libquery_engine-debian-openssl-1.1.x.so.node(+0x90a413)[0x7fd3d58ab413]
/media/mr_pacific/Disk-D/Internship/docker/bookstore-webapp/node_modules/.prisma/client/libquery_engine-debian-openssl-1.1.x.so.node(+0x914aaa)[0x7fd3d58b5aaa]
/media/mr_pacific/Disk-D/Internship/docker/bookstore-webapp/node_modules/.prisma/client/libquery_engine-debian-openssl-1.1.x.so.node(+0x90945a)[0x7fd3d58aa45a]
/media/mr_pacific/Disk-D/Internship/docker/bookstore-webapp/node_modules/.prisma/client/libquery_engine-debian-openssl-1.1.x.so.node(+0x908ddc)[0x7fd3d58a9ddc]
/media/mr_pacific/Disk-D/Internship/docker/bookstore-webapp/node_modules/.prisma/client/libquery_engine-debian-openssl-1.1.x.so.node(+0x90cf64)[0x7fd3d58adf64]
/media/mr_pacific/Disk-D/Internship/docker/bookstore-webapp/node_modules/.prisma/client/libquery_engine-debian-openssl-1.1.x.so.node(+0x8f2af5)[0x7fd3d5893af5]
/lib/x86_64-linux-gnu/libpthread.so.0(+0x8609)[0x7fd3ef0e7609]
/lib/x86_64-linux-gnu/libc.so.6(clone+0x43)[0x7fd3ef00c133]
PID 8277 received SIGSEGV for address: 0x1000001b7
/media/mr_pacific/Disk-D/Internship/docker/bookstore-webapp/node_modules/segfault-handler/build/Release/segfault-handler.node(+0x37a5)[0x7f09094f37a5]
/lib/x86_64-linux-gnu/libpthread.so.0(+0x14420)[0x7f0909188420]
/lib/x86_64-linux-gnu/libssl.so.1.1(SSL_get_peer_certificate+0x17)[0x7f09083f06f7]
/media/mr_pacific/Disk-D/Internship/docker/bookstore-webapp/node_modules/.prisma/client/libquery_engine-debian-openssl-1.1.x.so.node(+0x562648)[0x7f08f2d06648]
/media/mr_pacific/Disk-D/Internship/docker/bookstore-webapp/node_modules/.prisma/client/libquery_engine-debian-openssl-1.1.x.so.node(+0x5a60dd)[0x7f08f2d4a0dd]
/media/mr_pacific/Disk-D/Internship/docker/bookstore-webapp/node_modules/.prisma/client/libquery_engine-debian-openssl-1.1.x.so.node(+0x5a2b18)[0x7f08f2d46b18]
/media/mr_pacific/Disk-D/Internship/docker/bookstore-webapp/node_modules/.prisma/client/libquery_engine-debian-openssl-1.1.x.so.node(+0x63f295)[0x7f08f2de3295]
/media/mr_pacific/Disk-D/Internship/docker/bookstore-webapp/node_modules/.prisma/client/libquery_engine-debian-openssl-1.1.x.so.node(+0x842935)[0x7f08f2fe6935]
/media/mr_pacific/Disk-D/Internship/docker/bookstore-webapp/node_modules/.prisma/client/libquery_engine-debian-openssl-1.1.x.so.node(+0x83e609)[0x7f08f2fe2609]
/media/mr_pacific/Disk-D/Internship/docker/bookstore-webapp/node_modules/.prisma/client/libquery_engine-debian-openssl-1.1.x.so.node(+0x83e4cf)[0x7f08f2fe24cf]
/media/mr_pacific/Disk-D/Internship/docker/bookstore-webapp/node_modules/.prisma/client/libquery_engine-debian-openssl-1.1.x.so.node(+0x875b84)[0x7f08f3019b84]
/media/mr_pacific/Disk-D/Internship/docker/bookstore-webapp/node_modules/.prisma/client/libquery_engine-debian-openssl-1.1.x.so.node(+0x8b1f2c)[0x7f08f3055f2c]
/media/mr_pacific/Disk-D/Internship/docker/bookstore-webapp/node_modules/.prisma/client/libquery_engine-debian-openssl-1.1.x.so.node(+0x875e60)[0x7f08f3019e60]
/media/mr_pacific/Disk-D/Internship/docker/bookstore-webapp/node_modules/.prisma/client/libquery_engine-debian-openssl-1.1.x.so.node(+0x8b35e3)[0x7f08f30575e3]
/media/mr_pacific/Disk-D/Internship/docker/bookstore-webapp/node_modules/.prisma/client/libquery_engine-debian-openssl-1.1.x.so.node(+0x12ba40)[0x7f08f28cfa40]
/media/mr_pacific/Disk-D/Internship/docker/bookstore-webapp/node_modules/.prisma/client/libquery_engine-debian-openssl-1.1.x.so.node(+0xfa63c)[0x7f08f289e63c]
/media/mr_pacific/Disk-D/Internship/docker/bookstore-webapp/node_modules/.prisma/client/libquery_engine-debian-openssl-1.1.x.so.node(+0x90a413)[0x7f08f30ae413]
/media/mr_pacific/Disk-D/Internship/docker/bookstore-webapp/node_modules/.prisma/client/libquery_engine-debian-openssl-1.1.x.so.node(+0x914aaa)[0x7f08f30b8aaa]
/media/mr_pacific/Disk-D/Internship/docker/bookstore-webapp/node_modules/.prisma/client/libquery_engine-debian-openssl-1.1.x.so.node(+0x90945a)[0x7f08f30ad45a]
/media/mr_pacific/Disk-D/Internship/docker/bookstore-webapp/node_modules/.prisma/client/libquery_engine-debian-openssl-1.1.x.so.node(+0x908ddc)[0x7f08f30acddc]
/media/mr_pacific/Disk-D/Internship/docker/bookstore-webapp/node_modules/.prisma/client/libquery_engine-debian-openssl-1.1.x.so.node(+0x90cf64)[0x7f08f30b0f64]
/media/mr_pacific/Disk-D/Internship/docker/bookstore-webapp/node_modules/.prisma/client/libquery_engine-debian-openssl-1.1.x.so.node(+0x8f2af5)[0x7f08f3096af5]
/lib/x86_64-linux-gnu/libpthread.so.0(+0x8609)[0x7f090917c609]
/lib/x86_64-linux-gnu/libc.so.6(clone+0x43)[0x7f09090a1133]
PID 8976 received SIGSEGV for address: 0x1000001b7
/media/mr_pacific/Disk-D/Internship/docker/bookstore-webapp/node_modules/segfault-handler/build/Release/segfault-handler.node(+0x37a5)[0x7f9d542337a5]
/lib/x86_64-linux-gnu/libpthread.so.0(+0x14420)[0x7f9d53ec8420]
/lib/x86_64-linux-gnu/libssl.so.1.1(SSL_get_peer_certificate+0x17)[0x7f9d5112c6f7]
/media/mr_pacific/Disk-D/Internship/docker/bookstore-webapp/node_modules/.prisma/client/libquery_engine-debian-openssl-1.1.x.so.node(+0x562648)[0x7f9d39d04648]
/media/mr_pacific/Disk-D/Internship/docker/bookstore-webapp/node_modules/.prisma/client/libquery_engine-debian-openssl-1.1.x.so.node(+0x5a60dd)[0x7f9d39d480dd]
/media/mr_pacific/Disk-D/Internship/docker/bookstore-webapp/node_modules/.prisma/client/libquery_engine-debian-openssl-1.1.x.so.node(+0x5a2b18)[0x7f9d39d44b18]
/media/mr_pacific/Disk-D/Internship/docker/bookstore-webapp/node_modules/.prisma/client/libquery_engine-debian-openssl-1.1.x.so.node(+0x63f295)[0x7f9d39de1295]
/media/mr_pacific/Disk-D/Internship/docker/bookstore-webapp/node_modules/.prisma/client/libquery_engine-debian-openssl-1.1.x.so.node(+0x842935)[0x7f9d39fe4935]
/media/mr_pacific/Disk-D/Internship/docker/bookstore-webapp/node_modules/.prisma/client/libquery_engine-debian-openssl-1.1.x.so.node(+0x83e609)[0x7f9d39fe0609]
/media/mr_pacific/Disk-D/Internship/docker/bookstore-webapp/node_modules/.prisma/client/libquery_engine-debian-openssl-1.1.x.so.node(+0x83e4cf)[0x7f9d39fe04cf]
/media/mr_pacific/Disk-D/Internship/docker/bookstore-webapp/node_modules/.prisma/client/libquery_engine-debian-openssl-1.1.x.so.node(+0x875b84)[0x7f9d3a017b84]
/media/mr_pacific/Disk-D/Internship/docker/bookstore-webapp/node_modules/.prisma/client/libquery_engine-debian-openssl-1.1.x.so.node(+0x8b1f2c)[0x7f9d3a053f2c]
/media/mr_pacific/Disk-D/Internship/docker/bookstore-webapp/node_modules/.prisma/client/libquery_engine-debian-openssl-1.1.x.so.node(+0x875e60)[0x7f9d3a017e60]
/media/mr_pacific/Disk-D/Internship/docker/bookstore-webapp/node_modules/.prisma/client/libquery_engine-debian-openssl-1.1.x.so.node(+0x8b35e3)[0x7f9d3a0555e3]
/media/mr_pacific/Disk-D/Internship/docker/bookstore-webapp/node_modules/.prisma/client/libquery_engine-debian-openssl-1.1.x.so.node(+0x12ba40)[0x7f9d398cda40]
/media/mr_pacific/Disk-D/Internship/docker/bookstore-webapp/node_modules/.prisma/client/libquery_engine-debian-openssl-1.1.x.so.node(+0xfa63c)[0x7f9d3989c63c]
/media/mr_pacific/Disk-D/Internship/docker/bookstore-webapp/node_modules/.prisma/client/libquery_engine-debian-openssl-1.1.x.so.node(+0x90a413)[0x7f9d3a0ac413]
/media/mr_pacific/Disk-D/Internship/docker/bookstore-webapp/node_modules/.prisma/client/libquery_engine-debian-openssl-1.1.x.so.node(+0x914aaa)[0x7f9d3a0b6aaa]
/media/mr_pacific/Disk-D/Internship/docker/bookstore-webapp/node_modules/.prisma/client/libquery_engine-debian-openssl-1.1.x.so.node(+0x90945a)[0x7f9d3a0ab45a]
/media/mr_pacific/Disk-D/Internship/docker/bookstore-webapp/node_modules/.prisma/client/libquery_engine-debian-openssl-1.1.x.so.node(+0x908ddc)[0x7f9d3a0aaddc]
/media/mr_pacific/Disk-D/Internship/docker/bookstore-webapp/node_modules/.prisma/client/libquery_engine-debian-openssl-1.1.x.so.node(+0x90cf64)[0x7f9d3a0aef64]
/media/mr_pacific/Disk-D/Internship/docker/bookstore-webapp/node_modules/.prisma/client/libquery_engine-debian-openssl-1.1.x.so.node(+0x8f2af5)[0x7f9d3a094af5]
/lib/x86_64-linux-gnu/libpthread.so.0(+0x8609)[0x7f9d53ebc609]
/lib/x86_64-linux-gnu/libc.so.6(clone+0x43)[0x7f9d53de1133]
PID 15674 received SIGSEGV for address: 0x1000001b7
/media/mr_pacific/Disk-D/Internship/docker/bookstore-webapp/node_modules/segfault-handler/build/Release/segfault-handler.node(+0x37a5)[0x7faaf3b577a5]
/lib/x86_64-linux-gnu/libpthread.so.0(+0x14420)[0x7faaf37ec420]
/lib/x86_64-linux-gnu/libssl.so.1.1(SSL_get_peer_certificate+0x17)[0x7faaf0a506f7]
/media/mr_pacific/Disk-D/Internship/docker/bookstore-webapp/node_modules/.prisma/client/libquery_engine-debian-openssl-1.1.x.so.node(+0x562648)[0x7faad9503648]
/media/mr_pacific/Disk-D/Internship/docker/bookstore-webapp/node_modules/.prisma/client/libquery_engine-debian-openssl-1.1.x.so.node(+0x5a60dd)[0x7faad95470dd]
/media/mr_pacific/Disk-D/Internship/docker/bookstore-webapp/node_modules/.prisma/client/libquery_engine-debian-openssl-1.1.x.so.node(+0x5a2b18)[0x7faad9543b18]
/media/mr_pacific/Disk-D/Internship/docker/bookstore-webapp/node_modules/.prisma/client/libquery_engine-debian-openssl-1.1.x.so.node(+0x63f295)[0x7faad95e0295]
/media/mr_pacific/Disk-D/Internship/docker/bookstore-webapp/node_modules/.prisma/client/libquery_engine-debian-openssl-1.1.x.so.node(+0x842935)[0x7faad97e3935]
/media/mr_pacific/Disk-D/Internship/docker/bookstore-webapp/node_modules/.prisma/client/libquery_engine-debian-openssl-1.1.x.so.node(+0x83e609)[0x7faad97df609]
/media/mr_pacific/Disk-D/Internship/docker/bookstore-webapp/node_modules/.prisma/client/libquery_engine-debian-openssl-1.1.x.so.node(+0x83e4cf)[0x7faad97df4cf]
/media/mr_pacific/Disk-D/Internship/docker/bookstore-webapp/node_modules/.prisma/client/libquery_engine-debian-openssl-1.1.x.so.node(+0x875b84)[0x7faad9816b84]
/media/mr_pacific/Disk-D/Internship/docker/bookstore-webapp/node_modules/.prisma/client/libquery_engine-debian-openssl-1.1.x.so.node(+0x8b1f2c)[0x7faad9852f2c]
/media/mr_pacific/Disk-D/Internship/docker/bookstore-webapp/node_modules/.prisma/client/libquery_engine-debian-openssl-1.1.x.so.node(+0x875e60)[0x7faad9816e60]
/media/mr_pacific/Disk-D/Internship/docker/bookstore-webapp/node_modules/.prisma/client/libquery_engine-debian-openssl-1.1.x.so.node(+0x8b35e3)[0x7faad98545e3]
/media/mr_pacific/Disk-D/Internship/docker/bookstore-webapp/node_modules/.prisma/client/libquery_engine-debian-openssl-1.1.x.so.node(+0x12ba40)[0x7faad90cca40]
/media/mr_pacific/Disk-D/Internship/docker/bookstore-webapp/node_modules/.prisma/client/libquery_engine-debian-openssl-1.1.x.so.node(+0xfa63c)[0x7faad909b63c]
/media/mr_pacific/Disk-D/Internship/docker/bookstore-webapp/node_modules/.prisma/client/libquery_engine-debian-openssl-1.1.x.so.node(+0x90a413)[0x7faad98ab413]
/media/mr_pacific/Disk-D/Internship/docker/bookstore-webapp/node_modules/.prisma/client/libquery_engine-debian-openssl-1.1.x.so.node(+0x914aaa)[0x7faad98b5aaa]
/media/mr_pacific/Disk-D/Internship/docker/bookstore-webapp/node_modules/.prisma/client/libquery_engine-debian-openssl-1.1.x.so.node(+0x90945a)[0x7faad98aa45a]
/media/mr_pacific/Disk-D/Internship/docker/bookstore-webapp/node_modules/.prisma/client/libquery_engine-debian-openssl-1.1.x.so.node(+0x908ddc)[0x7faad98a9ddc]
/media/mr_pacific/Disk-D/Internship/docker/bookstore-webapp/node_modules/.prisma/client/libquery_engine-debian-openssl-1.1.x.so.node(+0x90cf64)[0x7faad98adf64]
/media/mr_pacific/Disk-D/Internship/docker/bookstore-webapp/node_modules/.prisma/client/libquery_engine-debian-openssl-1.1.x.so.node(+0x8f2af5)[0x7faad9893af5]
/lib/x86_64-linux-gnu/libpthread.so.0(+0x8609)[0x7faaf37e0609]
/lib/x86_64-linux-gnu/libc.so.6(clone+0x43)[0x7faaf3705133]
PID 23086 received SIGSEGV for address: 0x1000001b7
/media/mr_pacific/Disk-D/Internship/docker/bookstore-webapp/node_modules/segfault-handler/build/Release/segfault-handler.node(+0x37a5)[0x7f78f5ec07a5]
/lib/x86_64-linux-gnu/libpthread.so.0(+0x14420)[0x7f78f5b55420]
/lib/x86_64-linux-gnu/libssl.so.1.1(SSL_get_peer_certificate+0x17)[0x7f78eeda36f7]
/media/mr_pacific/Disk-D/Internship/docker/bookstore-webapp/node_modules/.prisma/client/libquery_engine-debian-openssl-1.1.x.so.node(+0x562648)[0x7f78d7507648]
/media/mr_pacific/Disk-D/Internship/docker/bookstore-webapp/node_modules/.prisma/client/libquery_engine-debian-openssl-1.1.x.so.node(+0x5a60dd)[0x7f78d754b0dd]
/media/mr_pacific/Disk-D/Internship/docker/bookstore-webapp/node_modules/.prisma/client/libquery_engine-debian-openssl-1.1.x.so.node(+0x5a2b18)[0x7f78d7547b18]
/media/mr_pacific/Disk-D/Internship/docker/bookstore-webapp/node_modules/.prisma/client/libquery_engine-debian-openssl-1.1.x.so.node(+0x63f295)[0x7f78d75e4295]
/media/mr_pacific/Disk-D/Internship/docker/bookstore-webapp/node_modules/.prisma/client/libquery_engine-debian-openssl-1.1.x.so.node(+0x842935)[0x7f78d77e7935]
/media/mr_pacific/Disk-D/Internship/docker/bookstore-webapp/node_modules/.prisma/client/libquery_engine-debian-openssl-1.1.x.so.node(+0x83e609)[0x7f78d77e3609]
/media/mr_pacific/Disk-D/Internship/docker/bookstore-webapp/node_modules/.prisma/client/libquery_engine-debian-openssl-1.1.x.so.node(+0x83e4cf)[0x7f78d77e34cf]
/media/mr_pacific/Disk-D/Internship/docker/bookstore-webapp/node_modules/.prisma/client/libquery_engine-debian-openssl-1.1.x.so.node(+0x875b84)[0x7f78d781ab84]
/media/mr_pacific/Disk-D/Internship/docker/bookstore-webapp/node_modules/.prisma/client/libquery_engine-debian-openssl-1.1.x.so.node(+0x8b1f2c)[0x7f78d7856f2c]
/media/mr_pacific/Disk-D/Internship/docker/bookstore-webapp/node_modules/.prisma/client/libquery_engine-debian-openssl-1.1.x.so.node(+0x875e60)[0x7f78d781ae60]
/media/mr_pacific/Disk-D/Internship/docker/bookstore-webapp/node_modules/.prisma/client/libquery_engine-debian-openssl-1.1.x.so.node(+0x8b35e3)[0x7f78d78585e3]
/media/mr_pacific/Disk-D/Internship/docker/bookstore-webapp/node_modules/.prisma/client/libquery_engine-debian-openssl-1.1.x.so.node(+0x12ba40)[0x7f78d70d0a40]
/media/mr_pacific/Disk-D/Internship/docker/bookstore-webapp/node_modules/.prisma/client/libquery_engine-debian-openssl-1.1.x.so.node(+0xfa63c)[0x7f78d709f63c]
/media/mr_pacific/Disk-D/Internship/docker/bookstore-webapp/node_modules/.prisma/client/libquery_engine-debian-openssl-1.1.x.so.node(+0x90a413)[0x7f78d78af413]
/media/mr_pacific/Disk-D/Internship/docker/bookstore-webapp/node_modules/.prisma/client/libquery_engine-debian-openssl-1.1.x.so.node(+0x914aaa)[0x7f78d78b9aaa]
/media/mr_pacific/Disk-D/Internship/docker/bookstore-webapp/node_modules/.prisma/client/libquery_engine-debian-openssl-1.1.x.so.node(+0x90945a)[0x7f78d78ae45a]
/media/mr_pacific/Disk-D/Internship/docker/bookstore-webapp/node_modules/.prisma/client/libquery_engine-debian-openssl-1.1.x.so.node(+0x908ddc)[0x7f78d78adddc]
/media/mr_pacific/Disk-D/Internship/docker/bookstore-webapp/node_modules/.prisma/client/libquery_engine-debian-openssl-1.1.x.so.node(+0x90cf64)[0x7f78d78b1f64]
/media/mr_pacific/Disk-D/Internship/docker/bookstore-webapp/node_modules/.prisma/client/libquery_engine-debian-openssl-1.1.x.so.node(+0x8f2af5)[0x7f78d7897af5]
/lib/x86_64-linux-gnu/libpthread.so.0(+0x8609)[0x7f78f5b49609]
/lib/x86_64-linux-gnu/libc.so.6(clone+0x43)[0x7f78f5a6e133]
PID 34970 received SIGSEGV for address: 0x1000001b7
/media/mr_pacific/Disk-D/Internship/docker/bookstore-webapp/node_modules/segfault-handler/build/Release/segfault-handler.node(+0x37a5)[0x7fa8c9f0c7a5]
/lib/x86_64-linux-gnu/libpthread.so.0(+0x14420)[0x7fa8c9ba1420]
/lib/x86_64-linux-gnu/libssl.so.1.1(SSL_get_peer_certificate+0x17)[0x7fa8c2da36f7]
/media/mr_pacific/Disk-D/Internship/docker/bookstore-webapp/node_modules/.prisma/client/libquery_engine-debian-openssl-1.1.x.so.node(+0x562648)[0x7fa8ab507648]
/media/mr_pacific/Disk-D/Internship/docker/bookstore-webapp/node_modules/.prisma/client/libquery_engine-debian-openssl-1.1.x.so.node(+0x5a60dd)[0x7fa8ab54b0dd]
/media/mr_pacific/Disk-D/Internship/docker/bookstore-webapp/node_modules/.prisma/client/libquery_engine-debian-openssl-1.1.x.so.node(+0x5a2b18)[0x7fa8ab547b18]
/media/mr_pacific/Disk-D/Internship/docker/bookstore-webapp/node_modules/.prisma/client/libquery_engine-debian-openssl-1.1.x.so.node(+0x63f295)[0x7fa8ab5e4295]
/media/mr_pacific/Disk-D/Internship/docker/bookstore-webapp/node_modules/.prisma/client/libquery_engine-debian-openssl-1.1.x.so.node(+0x842935)[0x7fa8ab7e7935]
/media/mr_pacific/Disk-D/Internship/docker/bookstore-webapp/node_modules/.prisma/client/libquery_engine-debian-openssl-1.1.x.so.node(+0x83e609)[0x7fa8ab7e3609]
/media/mr_pacific/Disk-D/Internship/docker/bookstore-webapp/node_modules/.prisma/client/libquery_engine-debian-openssl-1.1.x.so.node(+0x83e4cf)[0x7fa8ab7e34cf]
/media/mr_pacific/Disk-D/Internship/docker/bookstore-webapp/node_modules/.prisma/client/libquery_engine-debian-openssl-1.1.x.so.node(+0x875b84)[0x7fa8ab81ab84]
/media/mr_pacific/Disk-D/Internship/docker/bookstore-webapp/node_modules/.prisma/client/libquery_engine-debian-openssl-1.1.x.so.node(+0x8b1f2c)[0x7fa8ab856f2c]
/media/mr_pacific/Disk-D/Internship/docker/bookstore-webapp/node_modules/.prisma/client/libquery_engine-debian-openssl-1.1.x.so.node(+0x875e60)[0x7fa8ab81ae60]
/media/mr_pacific/Disk-D/Internship/docker/bookstore-webapp/node_modules/.prisma/client/libquery_engine-debian-openssl-1.1.x.so.node(+0x8b35e3)[0x7fa8ab8585e3]
/media/mr_pacific/Disk-D/Internship/docker/bookstore-webapp/node_modules/.prisma/client/libquery_engine-debian-openssl-1.1.x.so.node(+0x12ba40)[0x7fa8ab0d0a40]
/media/mr_pacific/Disk-D/Internship/docker/bookstore-webapp/node_modules/.prisma/client/libquery_engine-debian-openssl-1.1.x.so.node(+0xfa63c)[0x7fa8ab09f63c]
/media/mr_pacific/Disk-D/Internship/docker/bookstore-webapp/node_modules/.prisma/client/libquery_engine-debian-openssl-1.1.x.so.node(+0x90a413)[0x7fa8ab8af413]
/media/mr_pacific/Disk-D/Internship/docker/bookstore-webapp/node_modules/.prisma/client/libquery_engine-debian-openssl-1.1.x.so.node(+0x914aaa)[0x7fa8ab8b9aaa]
/media/mr_pacific/Disk-D/Internship/docker/bookstore-webapp/node_modules/.prisma/client/libquery_engine-debian-openssl-1.1.x.so.node(+0x90945a)[0x7fa8ab8ae45a]
/media/mr_pacific/Disk-D/Internship/docker/bookstore-webapp/node_modules/.prisma/client/libquery_engine-debian-openssl-1.1.x.so.node(+0x908ddc)[0x7fa8ab8adddc]
/media/mr_pacific/Disk-D/Internship/docker/bookstore-webapp/node_modules/.prisma/client/libquery_engine-debian-openssl-1.1.x.so.node(+0x90cf64)[0x7fa8ab8b1f64]
/media/mr_pacific/Disk-D/Internship/docker/bookstore-webapp/node_modules/.prisma/client/libquery_engine-debian-openssl-1.1.x.so.node(+0x8f2af5)[0x7fa8ab897af5]
/lib/x86_64-linux-gnu/libpthread.so.0(+0x8609)[0x7fa8c9b95609]
/lib/x86_64-linux-gnu/libc.so.6(clone+0x43)[0x7fa8c9aba133]
PID 37067 received SIGSEGV for address: 0x1000001b7
/media/mr_pacific/Disk-D/Internship/docker/bookstore-webapp/node_modules/segfault-handler/build/Release/segfault-handler.node(+0x37a5)[0x7fc4f23987a5]
/lib/x86_64-linux-gnu/libpthread.so.0(+0x14420)[0x7fc4f202d420]
/lib/x86_64-linux-gnu/libssl.so.1.1(SSL_get_peer_certificate+0x17)[0x7fc4f02936f7]
/media/mr_pacific/Disk-D/Internship/docker/bookstore-webapp/node_modules/.prisma/client/libquery_engine-debian-openssl-1.1.x.so.node(+0x562648)[0x7fc4d3507648]
/media/mr_pacific/Disk-D/Internship/docker/bookstore-webapp/node_modules/.prisma/client/libquery_engine-debian-openssl-1.1.x.so.node(+0x5a60dd)[0x7fc4d354b0dd]
/media/mr_pacific/Disk-D/Internship/docker/bookstore-webapp/node_modules/.prisma/client/libquery_engine-debian-openssl-1.1.x.so.node(+0x5a2b18)[0x7fc4d3547b18]
/media/mr_pacific/Disk-D/Internship/docker/bookstore-webapp/node_modules/.prisma/client/libquery_engine-debian-openssl-1.1.x.so.node(+0x63f295)[0x7fc4d35e4295]
/media/mr_pacific/Disk-D/Internship/docker/bookstore-webapp/node_modules/.prisma/client/libquery_engine-debian-openssl-1.1.x.so.node(+0x842935)[0x7fc4d37e7935]
/media/mr_pacific/Disk-D/Internship/docker/bookstore-webapp/node_modules/.prisma/client/libquery_engine-debian-openssl-1.1.x.so.node(+0x83e609)[0x7fc4d37e3609]
/media/mr_pacific/Disk-D/Internship/docker/bookstore-webapp/node_modules/.prisma/client/libquery_engine-debian-openssl-1.1.x.so.node(+0x83e4cf)[0x7fc4d37e34cf]
/media/mr_pacific/Disk-D/Internship/docker/bookstore-webapp/node_modules/.prisma/client/libquery_engine-debian-openssl-1.1.x.so.node(+0x875b84)[0x7fc4d381ab84]
/media/mr_pacific/Disk-D/Internship/docker/bookstore-webapp/node_modules/.prisma/client/libquery_engine-debian-openssl-1.1.x.so.node(+0x8b1f2c)[0x7fc4d3856f2c]
/media/mr_pacific/Disk-D/Internship/docker/bookstore-webapp/node_modules/.prisma/client/libquery_engine-debian-openssl-1.1.x.so.node(+0x875e60)[0x7fc4d381ae60]
/media/mr_pacific/Disk-D/Internship/docker/bookstore-webapp/node_modules/.prisma/client/libquery_engine-debian-openssl-1.1.x.so.node(+0x8b35e3)[0x7fc4d38585e3]
/media/mr_pacific/Disk-D/Internship/docker/bookstore-webapp/node_modules/.prisma/client/libquery_engine-debian-openssl-1.1.x.so.node(+0x12ba40)[0x7fc4d30d0a40]
/media/mr_pacific/Disk-D/Internship/docker/bookstore-webapp/node_modules/.prisma/client/libquery_engine-debian-openssl-1.1.x.so.node(+0xfa63c)[0x7fc4d309f63c]
/media/mr_pacific/Disk-D/Internship/docker/bookstore-webapp/node_modules/.prisma/client/libquery_engine-debian-openssl-1.1.x.so.node(+0x90a413)[0x7fc4d38af413]
/media/mr_pacific/Disk-D/Internship/docker/bookstore-webapp/node_modules/.prisma/client/libquery_engine-debian-openssl-1.1.x.so.node(+0x914aaa)[0x7fc4d38b9aaa]
/media/mr_pacific/Disk-D/Internship/docker/bookstore-webapp/node_modules/.prisma/client/libquery_engine-debian-openssl-1.1.x.so.node(+0x90945a)[0x7fc4d38ae45a]
/media/mr_pacific/Disk-D/Internship/docker/bookstore-webapp/node_modules/.prisma/client/libquery_engine-debian-openssl-1.1.x.so.node(+0x908ddc)[0x7fc4d38adddc]
/media/mr_pacific/Disk-D/Internship/docker/bookstore-webapp/node_modules/.prisma/client/libquery_engine-debian-openssl-1.1.x.so.node(+0x90cf64)[0x7fc4d38b1f64]
/media/mr_pacific/Disk-D/Internship/docker/bookstore-webapp/node_modules/.prisma/client/libquery_engine-debian-openssl-1.1.x.so.node(+0x8f2af5)[0x7fc4d3897af5]
/lib/x86_64-linux-gnu/libpthread.so.0(+0x8609)[0x7fc4f2021609]
/lib/x86_64-linux-gnu/libc.so.6(clone+0x43)[0x7fc4f1f46133]
PID 37859 received SIGSEGV for address: 0x1000001b7
/media/mr_pacific/Disk-D/Internship/docker/bookstore-webapp/node_modules/segfault-handler/build/Release/segfault-handler.node(+0x37a5)[0x7f734803b7a5]
/lib/x86_64-linux-gnu/libpthread.so.0(+0x14420)[0x7f7347cd0420]
/lib/x86_64-linux-gnu/libssl.so.1.1(SSL_get_peer_certificate+0x17)[0x7f7344f346f7]
/media/mr_pacific/Disk-D/Internship/docker/bookstore-webapp/node_modules/.prisma/client/libquery_engine-debian-openssl-1.1.x.so.node(+0x562648)[0x7f732dd04648]
/media/mr_pacific/Disk-D/Internship/docker/bookstore-webapp/node_modules/.prisma/client/libquery_engine-debian-openssl-1.1.x.so.node(+0x5a60dd)[0x7f732dd480dd]
/media/mr_pacific/Disk-D/Internship/docker/bookstore-webapp/node_modules/.prisma/client/libquery_engine-debian-openssl-1.1.x.so.node(+0x5a2b18)[0x7f732dd44b18]
/media/mr_pacific/Disk-D/Internship/docker/bookstore-webapp/node_modules/.prisma/client/libquery_engine-debian-openssl-1.1.x.so.node(+0x63f295)[0x7f732dde1295]
/media/mr_pacific/Disk-D/Internship/docker/bookstore-webapp/node_modules/.prisma/client/libquery_engine-debian-openssl-1.1.x.so.node(+0x842935)[0x7f732dfe4935]
/media/mr_pacific/Disk-D/Internship/docker/bookstore-webapp/node_modules/.prisma/client/libquery_engine-debian-openssl-1.1.x.so.node(+0x83e609)[0x7f732dfe0609]
/media/mr_pacific/Disk-D/Internship/docker/bookstore-webapp/node_modules/.prisma/client/libquery_engine-debian-openssl-1.1.x.so.node(+0x83e4cf)[0x7f732dfe04cf]
/media/mr_pacific/Disk-D/Internship/docker/bookstore-webapp/node_modules/.prisma/client/libquery_engine-debian-openssl-1.1.x.so.node(+0x875b84)[0x7f732e017b84]
/media/mr_pacific/Disk-D/Internship/docker/bookstore-webapp/node_modules/.prisma/client/libquery_engine-debian-openssl-1.1.x.so.node(+0x8b1f2c)[0x7f732e053f2c]
/media/mr_pacific/Disk-D/Internship/docker/bookstore-webapp/node_modules/.prisma/client/libquery_engine-debian-openssl-1.1.x.so.node(+0x875e60)[0x7f732e017e60]
/media/mr_pacific/Disk-D/Internship/docker/bookstore-webapp/node_modules/.prisma/client/libquery_engine-debian-openssl-1.1.x.so.node(+0x8b35e3)[0x7f732e0555e3]
/media/mr_pacific/Disk-D/Internship/docker/bookstore-webapp/node_modules/.prisma/client/libquery_engine-debian-openssl-1.1.x.so.node(+0x12ba40)[0x7f732d8cda40]
/media/mr_pacific/Disk-D/Internship/docker/bookstore-webapp/node_modules/.prisma/client/libquery_engine-debian-openssl-1.1.x.so.node(+0xfa63c)[0x7f732d89c63c]
/media/mr_pacific/Disk-D/Internship/docker/bookstore-webapp/node_modules/.prisma/client/libquery_engine-debian-openssl-1.1.x.so.node(+0x90a413)[0x7f732e0ac413]
/media/mr_pacific/Disk-D/Internship/docker/bookstore-webapp/node_modules/.prisma/client/libquery_engine-debian-openssl-1.1.x.so.node(+0x914aaa)[0x7f732e0b6aaa]
/media/mr_pacific/Disk-D/Internship/docker/bookstore-webapp/node_modules/.prisma/client/libquery_engine-debian-openssl-1.1.x.so.node(+0x90945a)[0x7f732e0ab45a]
/media/mr_pacific/Disk-D/Internship/docker/bookstore-webapp/node_modules/.prisma/client/libquery_engine-debian-openssl-1.1.x.so.node(+0x908ddc)[0x7f732e0aaddc]
/media/mr_pacific/Disk-D/Internship/docker/bookstore-webapp/node_modules/.prisma/client/libquery_engine-debian-openssl-1.1.x.so.node(+0x90cf64)[0x7f732e0aef64]
/media/mr_pacific/Disk-D/Internship/docker/bookstore-webapp/node_modules/.prisma/client/libquery_engine-debian-openssl-1.1.x.so.node(+0x8f2af5)[0x7f732e094af5]
/lib/x86_64-linux-gnu/libpthread.so.0(+0x8609)[0x7f7347cc4609]
/lib/x86_64-linux-gnu/libc.so.6(clone+0x43)[0x7f7347be9133]
